<?xml version="1.0" encoding="UTF-8"?>
<!-- Generated by org.testng.reporters.JUnitXMLReporter -->
<testsuite ignored="2" hostname="DESKTOP-0FAJM8M" failures="0" tests="1" name="Surefire test" time="0.034" errors="0" timestamp="01 Apr 2018 13:01:51 GMT">
  <testcase classname="samples.SampleTest" name="third" time="0.006"/>
  <testcase classname="samples.SampleTest" name="second" time="0.0">
    <ignored/>
  </testcase> <!-- second -->
  <testcase classname="samples.SampleTest" name="first" time="0.0">
    <ignored/>
  </testcase> <!-- first -->
</testsuite> <!-- Surefire test -->
