-------------------------------------------------------------------------------
Test set: TestSuite
-------------------------------------------------------------------------------
Tests run: 2, Failures: 1, Errors: 0, Skipped: 0, Time elapsed: 1.012 s <<< FAILURE! - in TestSuite
second(samples.SampleTest)  Time elapsed: 0.089 s  <<< FAILURE!
java.lang.AssertionError: expected [1] but found [2]
	at samples.SampleTest.second(SampleTest.java:15)

