<?xml version="1.0" encoding="UTF-8"?>
<testng-results ignored="2" total="3" passed="1" failed="0" skipped="0">
  <reporter-output>
  </reporter-output>
  <suite started-at="2018-04-01T11:22:39Z" name="Suite1" finished-at="2018-04-01T11:22:39Z" duration-ms="439">
    <groups>
      <group name="unit">
        <method signature="SampleTest.first()[pri:0, instance:samples.SampleTest@2a3b5b47]" name="first" class="samples.SampleTest"/>
      </group> <!-- unit -->
    </groups>
    <test started-at="2018-04-01T11:22:39Z" name="test1" finished-at="2018-04-01T11:22:39Z" duration-ms="32">
      <class name="samples.SampleTest">
        <test-method signature="first()[pri:0, instance:samples.SampleTest@2a3b5b47]" started-at="2018-04-01T11:22:39Z" name="first" finished-at="2018-04-01T11:22:39Z" duration-ms="7" status="PASS">
          <reporter-output>
          </reporter-output>
        </test-method> <!-- first -->
      </class> <!-- samples.SampleTest -->
    </test> <!-- test1 -->
    <test started-at="2018-04-01T11:22:39Z" name="test2" finished-at="2018-04-01T11:22:39Z" duration-ms="0">
    </test> <!-- test2 -->
  </suite> <!-- Suite1 -->
</testng-results>
