<?xml version="1.0" encoding="UTF-8"?>
<testng-results ignored="0" total="0" passed="0" failed="0" skipped="0">
  <reporter-output>
  </reporter-output>
  <suite started-at="2018-04-01T08:24:39Z" name="Suite1" finished-at="2018-04-01T08:24:40Z" duration-ms="644">
    <groups>
    </groups>
    <test started-at="2018-04-01T08:24:39Z" name="test1" finished-at="2018-04-01T08:24:39Z" duration-ms="24">
    </test> <!-- test1 -->
    <test started-at="2018-04-01T08:24:40Z" name="test2" finished-at="2018-04-01T08:24:40Z" duration-ms="0">
    </test> <!-- test2 -->
  </suite> <!-- Suite1 -->
</testng-results>
